<?xml version="1.0" encoding="UTF-8"?>
<testng-results ignored="0" total="1" passed="1" failed="0" skipped="0">
  <reporter-output>
  </reporter-output>
  <suite started-at="2024-03-06T10:37:47 IST" name="Default suite" finished-at="2024-03-06T10:38:02 IST" duration-ms="14570">
    <groups>
    </groups>
    <test started-at="2024-03-06T10:37:47 IST" name="Default test" finished-at="2024-03-06T10:38:02 IST" duration-ms="14570">
      <class name="Testpackage.Fbclicktest">
        <test-method is-config="true" signature="setUp()[pri:0, instance:Testpackage.Fbclicktest@60bd273d]" started-at="2024-03-06T10:37:47 IST" name="setUp" finished-at="2024-03-06T10:37:57 IST" duration-ms="9867" status="PASS">
          <reporter-output>
          </reporter-output>
        </test-method> <!-- setUp -->
        <test-method signature="clicktest()[pri:0, instance:Testpackage.Fbclicktest@60bd273d]" started-at="2024-03-06T10:37:57 IST" name="clicktest" finished-at="2024-03-06T10:38:02 IST" duration-ms="4669" status="PASS">
          <reporter-output>
          </reporter-output>
        </test-method> <!-- clicktest -->
      </class> <!-- Testpackage.Fbclicktest -->
    </test> <!-- Default test -->
  </suite> <!-- Default suite -->
</testng-results>
